2017-06-30 09:54:06 [org.springframework.test.context.transaction.TransactionalTestExecutionListener] line:356 
DEBUG No method-level @Rollback override: using default rollback [false] for test context [[TestContext@da62f80 testClass = BigTradeCrawlerTest, testInstance = org.charles.test.crawler.impl.BigTradeCrawlerTest@19788380, testMethod = testCraw@BigTradeCrawlerTest, testException = [null], mergedContextConfiguration = [MergedContextConfiguration@37015590 testClass = BigTradeCrawlerTest, locations = '{classpath*:/config/spring/spring-*.xml}', classes = '{}', activeProfiles = '{}', contextLoader = 'org.springframework.test.context.support.DelegatingSmartContextLoader']]]
2017-06-30 09:54:06 [org.springframework.jdbc.datasource.DataSourceTransactionManager] line:752 
DEBUG Initiating transaction commit
2017-06-30 09:54:06 [org.springframework.jdbc.datasource.DataSourceTransactionManager] line:264 
DEBUG Committing JDBC transaction on Connection [com.mysql.jdbc.JDBC4Connection@2106c1fb]
2017-06-30 09:54:06 [org.springframework.jdbc.datasource.DataSourceTransactionManager] line:322 
DEBUG Releasing JDBC Connection [com.mysql.jdbc.JDBC4Connection@2106c1fb] after transaction
2017-06-30 09:54:06 [org.springframework.jdbc.datasource.DataSourceUtils] line:332 
DEBUG Returning JDBC Connection to DataSource
2017-06-30 09:54:06 [org.springframework.test.context.transaction.TransactionalTestExecutionListener] line:294 
INFO Committed transaction after test execution for test context [[TestContext@da62f80 testClass = BigTradeCrawlerTest, testInstance = org.charles.test.crawler.impl.BigTradeCrawlerTest@19788380, testMethod = testCraw@BigTradeCrawlerTest, testException = [null], mergedContextConfiguration = [MergedContextConfiguration@37015590 testClass = BigTradeCrawlerTest, locations = '{classpath*:/config/spring/spring-*.xml}', classes = '{}', activeProfiles = '{}', contextLoader = 'org.springframework.test.context.support.DelegatingSmartContextLoader']]]
2017-06-30 09:54:06 [org.springframework.test.context.support.DirtiesContextTestExecutionListener] line:86 
DEBUG After test method: context [[TestContext@da62f80 testClass = BigTradeCrawlerTest, testInstance = org.charles.test.crawler.impl.BigTradeCrawlerTest@19788380, testMethod = testCraw@BigTradeCrawlerTest, testException = [null], mergedContextConfiguration = [MergedContextConfiguration@37015590 testClass = BigTradeCrawlerTest, locations = '{classpath*:/config/spring/spring-*.xml}', classes = '{}', activeProfiles = '{}', contextLoader = 'org.springframework.test.context.support.DelegatingSmartContextLoader']]], class dirties context [false], class mode [null], method dirties context [false].
2017-06-30 09:54:06 [org.springframework.test.context.support.DirtiesContextTestExecutionListener] line:113 
DEBUG After test class: context [[TestContext@da62f80 testClass = BigTradeCrawlerTest, testInstance = [null], testMethod = [null], testException = [null], mergedContextConfiguration = [MergedContextConfiguration@37015590 testClass = BigTradeCrawlerTest, locations = '{classpath*:/config/spring/spring-*.xml}', classes = '{}', activeProfiles = '{}', contextLoader = 'org.springframework.test.context.support.DelegatingSmartContextLoader']]], dirtiesContext [false].
2017-06-30 09:54:06 [org.springframework.context.support.GenericApplicationContext] line:1020 
INFO Closing org.springframework.context.support.GenericApplicationContext@4722292a: startup date [Fri Jun 30 09:53:47 CST 2017]; root of context hierarchy
2017-06-30 09:54:06 [org.springframework.beans.factory.support.DefaultListableBeanFactory] line:245 
DEBUG Returning cached instance of singleton bean 'lifecycleProcessor'
2017-06-30 09:54:06 [org.springframework.beans.factory.support.DefaultListableBeanFactory] line:433 
INFO Destroying singletons in org.springframework.beans.factory.support.DefaultListableBeanFactory@5fc25637: defining beans [testAction,propertyConfigurer,dataSource,txManager,txAdvice,org.springframework.aop.config.internalAutoProxyCreator,org.springframework.aop.support.DefaultBeanFactoryPointcutAdvisor#0,org.springframework.aop.support.DefaultBeanFactoryPointcutAdvisor#1,commonDao,sysParamDao,companyDao,stockDao,boardDataDao,org.springframework.web.servlet.handler.SimpleUrlHandlerMapping#0,jspViewResolver,boardDataExtractTask,companyRankExtractTask,dataExtractTimer,SysParamUtil,sysParamService,boardDataCrawler,companyRankCrawler,bigTradeCrawler,individualStockFundCrawler,organizationNumAnalysis,boardDataAnalysisManage,org.springframework.context.annotation.internalConfigurationAnnotationProcessor,org.springframework.context.annotation.internalAutowiredAnnotationProcessor,org.springframework.context.annotation.internalRequiredAnnotationProcessor,org.springframework.context.annotation.internalCommonAnnotationProcessor,org.springframework.context.annotation.ConfigurationClassPostProcessor$ImportAwareBeanPostProcessor#0]; root of factory hierarchy
2017-06-30 09:54:06 [org.springframework.beans.factory.support.DefaultListableBeanFactory] line:488 
DEBUG Retrieved dependent beans for bean 'bigTradeCrawler': [org.charles.test.crawler.impl.BigTradeCrawlerTest]
2017-06-30 09:54:06 [org.springframework.beans.factory.support.DefaultListableBeanFactory] line:488 
DEBUG Retrieved dependent beans for bean '(inner bean)#1': [txAdvice]
2017-06-30 09:54:06 [org.springframework.beans.factory.support.DefaultListableBeanFactory] line:488 
DEBUG Retrieved dependent beans for bean '(inner bean)': [org.springframework.aop.support.DefaultBeanFactoryPointcutAdvisor#0, org.springframework.aop.support.DefaultBeanFactoryPointcutAdvisor#1]
